Построение начато 28.09.2017 23:40:23.
     1>Проект "E:\mp2-lab1-set\sln\vc10\sample_prime_numbers\sample_prime_numbers.vcxproj" в узле 2 (целевые объекты build).
     1>InitializeBuildStatus:
         Создание "Debug\sample_prime_numbers.unsuccessfulbuild", так как было задано "AlwaysCreate".
       ClCompile:
         Для всех выходных данных обновления не требуется.
       ManifestResourceCompile:
         Для всех выходных данных обновления не требуется.
       Link:
         C:\Program Files\Microsoft Visual Studio 10.0\VC\bin\link.exe /ERRORREPORT:PROMPT /OUT:"E:\mp2-lab1-set\sln\vc10\Debug\sample_prime_numbers.exe" /INCREMENTAL /NOLOGO /LIBPATH:../Debug bitfield.lib kernel32.lib user32.lib gdi32.lib winspool.lib comdlg32.lib advapi32.lib shell32.lib ole32.lib oleaut32.lib uuid.lib odbc32.lib odbccp32.lib /MANIFEST /ManifestFile:"Debug\sample_prime_numbers.exe.intermediate.manifest" /MANIFESTUAC:"level='asInvoker' uiAccess='false'" /DEBUG /PDB:"E:\mp2-lab1-set\sln\vc10\Debug\sample_prime_numbers.pdb" /SUBSYSTEM:CONSOLE /TLBID:1 /DYNAMICBASE /NXCOMPAT /IMPLIB:"E:\mp2-lab1-set\sln\vc10\Debug\sample_prime_numbers.lib" /MACHINE:X86 Debug\sample_prime_numbers.exe.embed.manifest.res
         Debug\sample_prime_numbers.obj
         "E:\mp2-lab1-set\sln\vc10\Debug\bitfield.lib"
       Manifest:
         C:\Program Files\Microsoft SDKs\Windows\v7.0A\bin\mt.exe /nologo /verbose /out:"Debug\sample_prime_numbers.exe.embed.manifest" /manifest Debug\sample_prime_numbers.exe.intermediate.manifest
         Для всех выходных данных обновления не требуется.
       LinkEmbedManifest:
         Для всех выходных данных обновления не требуется.
         sample_prime_numbers.vcxproj -> E:\mp2-lab1-set\sln\vc10\Debug\sample_prime_numbers.exe
       FinalizeBuildStatus:
         Файл "Debug\sample_prime_numbers.unsuccessfulbuild" удаляется.
         Обращение к "Debug\sample_prime_numbers.lastbuildstate".
     1>Построение проекта "E:\mp2-lab1-set\sln\vc10\sample_prime_numbers\sample_prime_numbers.vcxproj" завершено (целевые объекты build).

Построение успешно завершено.

Затраченное время: 00:00:00.67
